<?xml version="1.0" encoding="UTF-8"?>
<!-- Generated by org.testng.reporters.JUnitReportReporter -->
<testsuite hostname="Govardhan-PC" name="Pack1.GmailMultipleData" tests="1" failures="0" timestamp="22 Feb 2016 07:32:52 GMT" time="28.565" errors="0">
  <testcase name="exception_IFCondition" time="28.565" classname="Pack1.GmailMultipleData"/>
</testsuite> <!-- Pack1.GmailMultipleData -->
